SF:/home/uh/github/archie/archie/Program.cs
FN:44,System.Void archie.Program::RegisterCommands(System.IServiceProvider,System.CommandLine.RootCommand)
FNDA:0,System.Void archie.Program::RegisterCommands(System.IServiceProvider,System.CommandLine.RootCommand)
DA:45,0
DA:46,0
DA:47,0
DA:48,0
DA:49,0
DA:50,0
DA:51,0
DA:52,0
DA:53,0
DA:54,0
DA:55,0
DA:56,0
DA:57,0
BRDA:53,123,1,0
BRDA:53,123,0,0
BRDA:50,6,0,0
BRDA:50,14,0,0
BRDA:50,6,1,0
BRDA:50,14,1,0
FN:34,archie.io.IStreams archie.Program/<>c::<Main>b__0_1(System.IServiceProvider)
FNDA:0,archie.io.IStreams archie.Program/<>c::<Main>b__0_1(System.IServiceProvider)
DA:35,0
FN:21,System.Void archie.Program/<>c__DisplayClass0_0::<Main>b__0(Microsoft.Extensions.Logging.ILoggingBuilder)
FNDA:0,System.Void archie.Program/<>c__DisplayClass0_0::<Main>b__0(Microsoft.Extensions.Logging.ILoggingBuilder)
DA:22,0
DA:23,0
DA:24,0
DA:25,0
DA:26,0
DA:27,0
DA:28,0
DA:29,0
DA:30,0
DA:32,0
FN:13,System.Void archie.Program/<Main>d__0::MoveNext()
FNDA:0,System.Void archie.Program/<Main>d__0::MoveNext()
DA:14,0
DA:15,0
DA:16,0
DA:17,0
DA:18,0
DA:19,0
DA:20,0
DA:21,0
DA:31,0
DA:33,0
DA:34,0
DA:36,0
DA:38,0
DA:40,0
DA:41,0
DA:42,0
BRDA:16,63,0,0
BRDA:16,63,1,0
LF:40
LH:0
BRF:8
BRH:0
FNF:4
FNH:0
end_of_record
SF:/home/uh/github/archie/archie/Models/DiffDescription.cs
FN:4,System.Uri archie.Models.DiffDescription::get_Source()
FNDA:0,System.Uri archie.Models.DiffDescription::get_Source()
DA:5,0
FN:5,System.Uri archie.Models.DiffDescription::get_Target()
FNDA:0,System.Uri archie.Models.DiffDescription::get_Target()
DA:6,0
FN:6,System.String archie.Models.DiffDescription::get_Created()
FNDA:0,System.String archie.Models.DiffDescription::get_Created()
DA:7,0
FN:7,System.Collections.Generic.List`1<archie.Models.FileDescription> archie.Models.DiffDescription::get_OnlyOnTarget()
FNDA:0,System.Collections.Generic.List`1<archie.Models.FileDescription> archie.Models.DiffDescription::get_OnlyOnTarget()
DA:8,0
FN:8,System.Collections.Generic.List`1<archie.Models.FileDescription> archie.Models.DiffDescription::get_OnlyOnSource()
FNDA:0,System.Collections.Generic.List`1<archie.Models.FileDescription> archie.Models.DiffDescription::get_OnlyOnSource()
DA:9,0
FN:9,System.Collections.Generic.List`1<archie.Models.BothPoco> archie.Models.DiffDescription::get_Both()
FNDA:0,System.Collections.Generic.List`1<archie.Models.BothPoco> archie.Models.DiffDescription::get_Both()
DA:10,0
FN:14,archie.Models.FileDescription archie.Models.BothPoco::get_Source()
FNDA:0,archie.Models.FileDescription archie.Models.BothPoco::get_Source()
DA:15,0
FN:15,archie.Models.FileDescription archie.Models.BothPoco::get_Target()
FNDA:0,archie.Models.FileDescription archie.Models.BothPoco::get_Target()
DA:16,0
LF:8
LH:0
BRF:0
BRH:0
FNF:8
FNH:0
end_of_record
SF:/home/uh/github/archie/archie/Models/FileDescription.cs
FN:4,System.Uri archie.Models.FileDescription::get_FullName()
FNDA:14,System.Uri archie.Models.FileDescription::get_FullName()
DA:5,14
FN:5,System.String archie.Models.FileDescription::get_MD5()
FNDA:14,System.String archie.Models.FileDescription::get_MD5()
DA:6,14
LF:2
LH:2
BRF:0
BRH:0
FNF:2
FNH:2
end_of_record
SF:/home/uh/github/archie/archie/Models/FileOperation.cs
FN:4,archie.Models.FileDescription archie.Models.FileOperation::get_Source()
FNDA:0,archie.Models.FileDescription archie.Models.FileOperation::get_Source()
DA:5,0
FN:5,archie.Models.FileDescription archie.Models.FileOperation::get_Target()
FNDA:0,archie.Models.FileDescription archie.Models.FileOperation::get_Target()
DA:6,0
FN:6,archie.Models.OperationType archie.Models.FileOperation::get_Operation()
FNDA:0,archie.Models.OperationType archie.Models.FileOperation::get_Operation()
DA:7,0
LF:3
LH:0
BRF:0
BRH:0
FNF:3
FNH:0
end_of_record
SF:/home/uh/github/archie/archie/Models/ResolveDescription.cs
FN:4,System.Uri archie.Models.ResolveDescription::get_Source()
FNDA:0,System.Uri archie.Models.ResolveDescription::get_Source()
DA:5,0
FN:5,System.Uri archie.Models.ResolveDescription::get_Target()
FNDA:0,System.Uri archie.Models.ResolveDescription::get_Target()
DA:6,0
FN:6,System.String archie.Models.ResolveDescription::get_Created()
FNDA:0,System.String archie.Models.ResolveDescription::get_Created()
DA:7,0
FN:7,System.Collections.Generic.List`1<archie.Models.FileOperation> archie.Models.ResolveDescription::get_Operations()
FNDA:0,System.Collections.Generic.List`1<archie.Models.FileOperation> archie.Models.ResolveDescription::get_Operations()
DA:8,0
LF:4
LH:0
BRF:0
BRH:0
FNF:4
FNH:0
end_of_record
SF:/home/uh/github/archie/archie/IO/JsonObjectFormatter.cs
FN:8,System.String archie.io.JsonObjectFormatter::FormatObject(System.Object)
FNDA:0,System.String archie.io.JsonObjectFormatter::FormatObject(System.Object)
DA:9,0
DA:10,0
DA:11,0
FN:12,T archie.io.JsonObjectFormatter::UnformatObject(System.String)
FNDA:0,T archie.io.JsonObjectFormatter::UnformatObject(System.String)
DA:13,0
DA:14,0
DA:15,0
LF:6
LH:0
BRF:0
BRH:0
FNF:2
FNH:0
end_of_record
SF:/home/uh/github/archie/archie/IO/Streams.cs
FN:11,System.IO.TextReader archie.io.Streams::get_Stdin()
FNDA:0,System.IO.TextReader archie.io.Streams::get_Stdin()
DA:12,0
FN:13,System.IO.TextWriter archie.io.Streams::get_Stdout()
FNDA:0,System.IO.TextWriter archie.io.Streams::get_Stdout()
DA:14,0
FN:15,System.IO.TextWriter archie.io.Streams::get_Stderror()
FNDA:0,System.IO.TextWriter archie.io.Streams::get_Stderror()
DA:16,0
FN:4,System.Void archie.io.Streams::.ctor(System.IO.TextReader,System.IO.TextWriter,System.IO.TextWriter)
FNDA:0,System.Void archie.io.Streams::.ctor(System.IO.TextReader,System.IO.TextWriter,System.IO.TextWriter)
DA:5,0
DA:6,0
DA:7,0
DA:8,0
DA:9,0
DA:10,0
LF:9
LH:0
BRF:0
BRH:0
FNF:4
FNH:0
end_of_record
SF:/home/uh/github/archie/archie/Commands/ComputeCommand.cs
FN:25,System.Void archie.Commands.ComputeCommand::Register(System.CommandLine.RootCommand)
FNDA:0,System.Void archie.Commands.ComputeCommand::Register(System.CommandLine.RootCommand)
DA:26,0
DA:27,0
DA:28,0
DA:29,0
DA:30,0
DA:31,0
DA:32,0
DA:33,0
DA:34,0
DA:35,0
DA:37,0
DA:38,0
DA:39,0
DA:40,0
DA:41,0
DA:42,0
DA:43,0
DA:44,0
DA:45,0
DA:46,0
FN:16,System.Void archie.Commands.ComputeCommand::.ctor(Microsoft.Extensions.Logging.ILogger`1<archie.Commands.ComputeCommand>,archie.Backends.IBackendFactory,archie.io.IObjectFormatter,archie.io.IStreams)
FNDA:0,System.Void archie.Commands.ComputeCommand::.ctor(Microsoft.Extensions.Logging.ILogger`1<archie.Commands.ComputeCommand>,archie.Backends.IBackendFactory,archie.io.IObjectFormatter,archie.io.IStreams)
DA:17,0
DA:18,0
DA:19,0
DA:20,0
DA:21,0
DA:22,0
DA:23,0
FN:108,archie.Models.FileDescription archie.Commands.ComputeCommand/TupleOps::get_First()
FNDA:0,archie.Models.FileDescription archie.Commands.ComputeCommand/TupleOps::get_First()
DA:109,0
FN:109,archie.Models.FileDescription archie.Commands.ComputeCommand/TupleOps::get_Second()
FNDA:0,archie.Models.FileDescription archie.Commands.ComputeCommand/TupleOps::get_Second()
DA:110,0
FN:73,archie.Models.BothPoco archie.Commands.ComputeCommand/<>c::<HandleCompute>b__6_0(archie.Commands.ComputeCommand/TupleOps)
FNDA:0,archie.Models.BothPoco archie.Commands.ComputeCommand/<>c::<HandleCompute>b__6_0(archie.Commands.ComputeCommand/TupleOps)
DA:74,0
DA:75,0
DA:76,0
DA:77,0
DA:78,0
FN:147,archie.Models.FileDescription archie.Commands.ComputeCommand/<>c::<GetOnlyInFirstList>b__9_1(archie.Models.FileDescription)
FNDA:0,archie.Models.FileDescription archie.Commands.ComputeCommand/<>c::<GetOnlyInFirstList>b__9_1(archie.Models.FileDescription)
DA:148,0
FN:148,archie.Models.FileDescription archie.Commands.ComputeCommand/<>c::<GetOnlyInFirstList>b__9_3(archie.Models.FileDescription)
FNDA:0,archie.Models.FileDescription archie.Commands.ComputeCommand/<>c::<GetOnlyInFirstList>b__9_3(archie.Models.FileDescription)
DA:149,0
FN:121,System.String archie.Commands.ComputeCommand/<>c__DisplayClass8_0::<GetOnBothLists>b__0(archie.Models.FileDescription)
FNDA:0,System.String archie.Commands.ComputeCommand/<>c__DisplayClass8_0::<GetOnBothLists>b__0(archie.Models.FileDescription)
DA:122,0
FN:122,System.String archie.Commands.ComputeCommand/<>c__DisplayClass8_0::<GetOnBothLists>b__1(archie.Models.FileDescription)
FNDA:0,System.String archie.Commands.ComputeCommand/<>c__DisplayClass8_0::<GetOnBothLists>b__1(archie.Models.FileDescription)
DA:123,0
FN:119,System.Boolean archie.Commands.ComputeCommand/<GetOnBothLists>d__8::MoveNext()
FNDA:0,System.Boolean archie.Commands.ComputeCommand/<GetOnBothLists>d__8::MoveNext()
DA:120,0
DA:124,0
DA:125,0
DA:126,0
DA:127,0
DA:128,0
DA:129,0
DA:130,0
DA:131,0
DA:132,0
DA:133,0
DA:134,0
DA:135,0
DA:136,0
DA:137,0
DA:138,0
BRDA:125,437,1,0
BRDA:129,344,0,0
BRDA:129,344,1,0
BRDA:125,437,0,0
FN:146,System.Boolean archie.Commands.ComputeCommand/<GetOnlyInFirstList>d__9::MoveNext()
FNDA:0,System.Boolean archie.Commands.ComputeCommand/<GetOnlyInFirstList>d__9::MoveNext()
DA:147,0
DA:150,0
DA:151,0
DA:152,0
DA:153,0
DA:154,0
DA:155,0
BRDA:151,389,1,0
BRDA:151,389,0,0
FN:48,System.Void archie.Commands.ComputeCommand/<HandleCompute>d__6::MoveNext()
FNDA:0,System.Void archie.Commands.ComputeCommand/<HandleCompute>d__6::MoveNext()
DA:49,0
DA:50,0
DA:51,0
DA:52,0
DA:54,0
DA:55,0
DA:56,0
DA:57,0
DA:58,0
DA:59,0
DA:61,0
DA:62,0
DA:63,0
DA:65,0
DA:67,0
DA:68,0
DA:69,0
DA:70,0
DA:71,0
DA:72,0
DA:73,0
DA:79,0
DA:81,0
DA:83,0
DA:84,0
DA:85,0
DA:86,0
DA:88,0
DA:89,0
DA:90,0
DA:91,0
DA:92,0
DA:93,0
DA:94,0
DA:95,0
DA:96,0
DA:97,0
DA:98,0
DA:99,0
DA:100,0
DA:101,0
DA:103,0
DA:105,0
BRDA:83,1180,0,0
BRDA:83,1180,1,0
LF:104
LH:0
BRF:8
BRH:0
FNF:12
FNH:0
end_of_record
SF:/home/uh/github/archie/archie/Commands/ResolveCommand.cs
FN:23,System.Void archie.Commands.ResolveCommand::Register(System.CommandLine.RootCommand)
FNDA:0,System.Void archie.Commands.ResolveCommand::Register(System.CommandLine.RootCommand)
DA:24,0
DA:25,0
DA:26,0
DA:27,0
DA:28,0
DA:29,0
DA:30,0
DA:31,0
DA:32,0
DA:33,0
DA:34,0
DA:35,0
DA:37,0
DA:38,0
DA:39,0
DA:41,0
DA:42,0
DA:43,0
DA:44,0
DA:45,0
FN:142,System.Collections.Generic.IEnumerable`1<archie.Models.FileOperation> archie.Commands.ResolveCommand::ComputeBothAuto(System.Collections.Generic.List`1<archie.Models.BothPoco>,System.Uri,System.Uri,archie.Models.OperationType)
FNDA:0,System.Collections.Generic.IEnumerable`1<archie.Models.FileOperation> archie.Commands.ResolveCommand::ComputeBothAuto(System.Collections.Generic.List`1<archie.Models.BothPoco>,System.Uri,System.Uri,archie.Models.OperationType)
DA:143,0
DA:144,0
DA:145,0
DA:146,0
DA:147,0
DA:148,0
DA:149,0
DA:150,0
FN:152,System.Collections.Generic.IEnumerable`1<archie.Models.FileOperation> archie.Commands.ResolveCommand::ComputeOnlyOnTargetAuto(System.Collections.Generic.List`1<archie.Models.FileDescription>,System.Uri,System.Uri,archie.Models.OperationType)
FNDA:0,System.Collections.Generic.IEnumerable`1<archie.Models.FileOperation> archie.Commands.ResolveCommand::ComputeOnlyOnTargetAuto(System.Collections.Generic.List`1<archie.Models.FileDescription>,System.Uri,System.Uri,archie.Models.OperationType)
DA:153,0
DA:154,0
DA:155,0
DA:156,0
DA:157,0
DA:158,0
DA:159,0
DA:160,0
DA:161,0
DA:162,0
DA:163,0
DA:164,0
DA:165,0
DA:166,0
DA:167,0
DA:168,0
DA:169,0
DA:170,0
DA:171,0
DA:172,0
DA:173,0
DA:174,0
DA:175,0
DA:176,0
DA:177,0
DA:178,0
BRDA:161,43,1,0
BRDA:161,43,0,0
FN:180,System.Collections.Generic.IEnumerable`1<archie.Models.FileOperation> archie.Commands.ResolveCommand::ComputeOnlyOnSourceAuto(System.Collections.Generic.List`1<archie.Models.FileDescription>,System.Uri,System.Uri,archie.Models.OperationType)
FNDA:0,System.Collections.Generic.IEnumerable`1<archie.Models.FileOperation> archie.Commands.ResolveCommand::ComputeOnlyOnSourceAuto(System.Collections.Generic.List`1<archie.Models.FileDescription>,System.Uri,System.Uri,archie.Models.OperationType)
DA:181,0
DA:182,0
DA:183,0
DA:184,0
DA:185,0
DA:186,0
DA:187,0
DA:188,0
DA:189,0
DA:190,0
DA:191,0
DA:192,0
DA:193,0
DA:194,0
DA:195,0
DA:196,0
DA:197,0
DA:198,0
DA:199,0
DA:200,0
DA:201,0
DA:202,0
DA:203,0
DA:204,0
DA:205,0
DA:206,0
BRDA:189,43,1,0
BRDA:189,43,0,0
FN:15,System.Void archie.Commands.ResolveCommand::.ctor(Microsoft.Extensions.Logging.ILogger`1<archie.Commands.ResolveCommand>,archie.io.IObjectFormatter,archie.Backends.IBackendFactory,archie.io.IStreams)
FNDA:0,System.Void archie.Commands.ResolveCommand::.ctor(Microsoft.Extensions.Logging.ILogger`1<archie.Commands.ResolveCommand>,archie.io.IObjectFormatter,archie.Backends.IBackendFactory,archie.io.IStreams)
DA:16,0
DA:17,0
DA:18,0
DA:19,0
DA:20,0
DA:21,0
DA:22,0
FN:47,System.Void archie.Commands.ResolveCommand/<HandleResolve>d__6::MoveNext()
FNDA:0,System.Void archie.Commands.ResolveCommand/<HandleResolve>d__6::MoveNext()
DA:48,0
DA:49,0
DA:50,0
DA:51,0
DA:53,0
DA:54,0
DA:56,0
DA:57,0
DA:58,0
DA:59,0
DA:60,0
DA:61,0
DA:62,0
DA:63,0
DA:64,0
DA:65,0
DA:66,0
DA:69,0
DA:72,0
DA:73,0
DA:75,0
DA:77,0
DA:79,0
DA:82,0
DA:85,0
DA:86,0
DA:88,0
DA:91,0
DA:94,0
DA:101,0
DA:102,0
DA:104,0
DA:107,0
DA:108,0
DA:109,0
DA:110,0
DA:111,0
DA:112,0
DA:113,0
DA:114,0
DA:115,0
DA:116,0
DA:117,0
DA:118,0
DA:119,0
DA:120,0
DA:121,0
DA:122,0
DA:123,0
DA:124,0
DA:126,0
DA:127,0
DA:128,0
DA:129,0
DA:130,0
DA:131,0
DA:132,0
DA:133,0
DA:134,0
DA:135,0
DA:137,0
DA:139,0
DA:140,0
BRDA:64,953,0,0
BRDA:66,985,0,0
BRDA:66,992,0,0
BRDA:66,992,1,0
BRDA:66,999,1,0
BRDA:66,999,0,0
BRDA:66,985,1,0
BRDA:64,953,1,0
BRDA:79,1145,0,0
BRDA:79,1152,0,0
BRDA:79,1152,1,0
BRDA:79,1159,1,0
BRDA:79,1159,0,0
BRDA:79,1145,1,0
BRDA:91,1304,0,0
BRDA:91,1313,1,0
BRDA:91,1313,0,0
BRDA:91,1304,1,0
BRDA:116,1632,0,0
BRDA:116,1632,1,0
LF:150
LH:0
BRF:24
BRH:0
FNF:6
FNH:0
end_of_record
SF:/home/uh/github/archie/archie/Backends/BackendFactory.cs
FN:16,archie.Backends.IBackend archie.Backends.BackendFactory::GetByScheme(System.String)
FNDA:2,archie.Backends.IBackend archie.Backends.BackendFactory::GetByScheme(System.String)
DA:17,2
DA:18,2
DA:20,2
DA:23,1
DA:25,1
DA:27,1
BRDA:20,44,1,1
BRDA:20,44,0,1
FN:10,System.Void archie.Backends.BackendFactory::.ctor(Microsoft.Extensions.Logging.ILogger`1<archie.Backends.BackendFactory>,System.IServiceProvider)
FNDA:2,System.Void archie.Backends.BackendFactory::.ctor(Microsoft.Extensions.Logging.ILogger`1<archie.Backends.BackendFactory>,System.IServiceProvider)
DA:11,2
DA:12,2
DA:13,2
DA:14,2
DA:15,2
LF:11
LH:11
BRF:2
BRH:2
FNF:2
FNH:2
end_of_record
SF:/home/uh/github/archie/archie/Backends/FsBackend.cs
FN:10,System.String archie.Backends.FsBackend::get_Scheme()
FNDA:12,System.String archie.Backends.FsBackend::get_Scheme()
DA:11,12
FN:46,System.Threading.Tasks.Task`1<System.IO.Stream> archie.Backends.FsBackend::OpenRead(System.Uri)
FNDA:3,System.Threading.Tasks.Task`1<System.IO.Stream> archie.Backends.FsBackend::OpenRead(System.Uri)
DA:47,3
DA:48,3
DA:49,2
DA:50,2
FN:52,System.Threading.Tasks.Task`1<System.IO.Stream> archie.Backends.FsBackend::OpenWrite(System.Uri,System.IO.FileMode)
FNDA:1,System.Threading.Tasks.Task`1<System.IO.Stream> archie.Backends.FsBackend::OpenWrite(System.Uri,System.IO.FileMode)
DA:53,1
DA:54,1
DA:55,1
DA:56,0
FN:76,System.Void archie.Backends.FsBackend::CheckScheme(System.Uri)
FNDA:9,System.Void archie.Backends.FsBackend::CheckScheme(System.Uri)
DA:77,9
DA:78,9
DA:79,1
DA:80,1
DA:82,8
BRDA:78,20,0,1
BRDA:78,20,1,8
FN:84,System.Uri archie.Backends.FsBackend::ComputePath(System.Uri,System.String[])
FNDA:1,System.Uri archie.Backends.FsBackend::ComputePath(System.Uri,System.String[])
DA:85,1
DA:86,1
DA:87,1
DA:88,1
DA:89,1
FN:91,System.String[] archie.Backends.FsBackend::GetRelativeFragments(System.Uri,System.Uri)
FNDA:1,System.String[] archie.Backends.FsBackend::GetRelativeFragments(System.Uri,System.Uri)
DA:92,1
DA:93,1
DA:94,1
DA:95,1
DA:96,1
DA:97,1
DA:99,1
FN:11,System.Void archie.Backends.FsBackend::.ctor(Microsoft.Extensions.Logging.ILogger`1<archie.Backends.FsBackend>)
FNDA:11,System.Void archie.Backends.FsBackend::.ctor(Microsoft.Extensions.Logging.ILogger`1<archie.Backends.FsBackend>)
DA:12,11
DA:13,11
DA:14,11
DA:15,11
FN:72,archie.Models.FileDescription archie.Backends.FsBackend/<>c::<List>b__8_1(System.Threading.Tasks.Task`1<archie.Models.FileDescription>)
FNDA:5,archie.Models.FileDescription archie.Backends.FsBackend/<>c::<List>b__8_1(System.Threading.Tasks.Task`1<archie.Models.FileDescription>)
DA:73,5
FN:65,System.Void archie.Backends.FsBackend/<>c__DisplayClass8_0/<<List>b__0>d::MoveNext()
FNDA:6,System.Void archie.Backends.FsBackend/<>c__DisplayClass8_0/<<List>b__0>d::MoveNext()
DA:66,6
DA:67,6
DA:68,6
DA:69,6
DA:70,7
FN:25,System.Void archie.Backends.FsBackend/<ComputeEntry>d__5::MoveNext()
FNDA:8,System.Void archie.Backends.FsBackend/<ComputeEntry>d__5::MoveNext()
DA:26,8
DA:27,8
DA:28,8
DA:29,1
DA:30,1
DA:33,7
DA:34,7
DA:35,7
DA:36,7
DA:37,7
DA:38,7
DA:39,7
DA:40,7
DA:41,7
DA:42,7
DA:43,7
DA:44,7
BRDA:28,48,0,1
BRDA:28,48,1,7
FN:17,System.Void archie.Backends.FsBackend/<GetFileDescription>d__4::MoveNext()
FNDA:2,System.Void archie.Backends.FsBackend/<GetFileDescription>d__4::MoveNext()
DA:18,2
DA:19,2
DA:20,2
DA:21,1
DA:22,1
DA:23,1
FN:58,System.Void archie.Backends.FsBackend/<List>d__8::MoveNext()
FNDA:1,System.Void archie.Backends.FsBackend/<List>d__8::MoveNext()
DA:59,1
DA:60,1
DA:62,1
DA:64,1
DA:65,1
DA:71,1
DA:74,1
LF:66
LH:65
BRF:4
BRH:4
FNF:12
FNH:12
end_of_record